In file included from [01m[K/opt/ros/jazzy/include/rclcpp/rclcpp/rclcpp.hpp:172[m[K,
                 from [01m[K/home/neverdiedooms/ros2_test_ws/src/my_first_cpp_pkg/src/tests_services/test_service_client_no_oop.cpp:1[m[K:
/opt/ros/jazzy/include/rclcpp/rclcpp/executors.hpp: In instantiation of â€˜[01m[Krclcpp::FutureReturnCode rclcpp::[01;32m[Kspin_until_future_complete[m[K(std::shared_ptr<_Tp>, const FutureT&, std::chrono::duration<_Rep2, _Period2>) [35m[K[with NodeT = Client<example_interfaces::srv::AddTwoInts>; FutureT = Client<example_interfaces::srv::AddTwoInts>::FutureAndRequestId; TimeRepT = long int; TimeT = std::ratio<1, 1000>][m[K[m[Kâ€™:
[01m[K/home/neverdiedooms/ros2_test_ws/src/my_first_cpp_pkg/src/tests_services/test_service_client_no_oop.cpp:19:39:[m[K   required from here
[01m[K/opt/ros/jazzy/include/rclcpp/rclcpp/executors.hpp:137:55:[m[K [01;31m[Kerror: [m[Kâ€˜[01m[Kusing std::__shared_ptr_access<rclcpp::Client<example_interfaces::srv::AddTwoInts>, __gnu_cxx::_S_atomic, false, false>::element_type = class rclcpp::Client<example_interfaces::srv::AddTwoInts>[m[Kâ€™ {aka â€˜[01m[Kclass rclcpp::Client<example_interfaces::srv::AddTwoInts>[m[Kâ€™} has no member named â€˜[01m[Kget_node_base_interface[m[Kâ€™
  137 |   return rclcpp::spin_until_future_complete([01;31m[Knode_ptr->get_node_base_interface[m[K(), future, timeout);
      |                                             [01;31m[K~~~~~~~~~~^~~~~~~~~~~~~~~~~~~~~~~[m[K
gmake[2]: *** [CMakeFiles/test_service_client_no_oop.dir/build.make:76: CMakeFiles/test_service_client_no_oop.dir/src/tests_services/test_service_client_no_oop.cpp.o] Error 1
gmake[1]: *** [CMakeFiles/Makefile2:281: CMakeFiles/test_service_client_no_oop.dir/all] Error 2
gmake[1]: *** Waiting for unfinished jobs....
gmake: *** [Makefile:146: all] Error 2
