[0.060s] Invoking command in '/home/neverdiedooms/ros2_test_ws/build/my_first_cpp_pkg': CMAKE_PREFIX_PATH=${CMAKE_PREFIX_PATH}:/home/neverdiedooms/ros2_test_ws/install/my_first_package:/opt/ros/jazzy DEBUGINFOD_URLS=https://debuginfod.ubuntu.com /usr/bin/cmake --build /home/neverdiedooms/ros2_test_ws/build/my_first_cpp_pkg -- -j6 -l6
[0.256s] [  6%] [32mBuilding CXX object CMakeFiles/test_service_client_no_oop.dir/src/tests_services/test_service_client_no_oop.cpp.o[0m
[0.267s] [ 18%] Built target subscriber_test
[0.272s] [ 31%] Built target publisher_and_subscriber_test
[0.272s] [ 43%] Built target publisher_test
[0.272s] [ 56%] Built target publisher_test_2
[0.275s] [ 68%] Built target my_first_node
[0.333s] [ 81%] Built target test_service_client
[0.344s] [ 87%] [32mBuilding CXX object CMakeFiles/test_service_server.dir/src/tests_services/test_service_server.cpp.o[0m
[3.419s] In file included from [01m[K/opt/ros/jazzy/include/rclcpp/rclcpp/rclcpp.hpp:172[m[K,
[3.419s]                  from [01m[K/home/neverdiedooms/ros2_test_ws/src/my_first_cpp_pkg/src/tests_services/test_service_client_no_oop.cpp:1[m[K:
[3.419s] /opt/ros/jazzy/include/rclcpp/rclcpp/executors.hpp: In instantiation of â€˜[01m[Krclcpp::FutureReturnCode rclcpp::[01;32m[Kspin_until_future_complete[m[K(std::shared_ptr<_Tp>, const FutureT&, std::chrono::duration<_Rep2, _Period2>) [35m[K[with NodeT = Client<example_interfaces::srv::AddTwoInts>; FutureT = Client<example_interfaces::srv::AddTwoInts>::FutureAndRequestId; TimeRepT = long int; TimeT = std::ratio<1, 1000>][m[K[m[Kâ€™:
[3.419s] [01m[K/home/neverdiedooms/ros2_test_ws/src/my_first_cpp_pkg/src/tests_services/test_service_client_no_oop.cpp:19:39:[m[K   required from here
[3.419s] [01m[K/opt/ros/jazzy/include/rclcpp/rclcpp/executors.hpp:137:55:[m[K [01;31m[Kerror: [m[Kâ€˜[01m[Kusing std::__shared_ptr_access<rclcpp::Client<example_interfaces::srv::AddTwoInts>, __gnu_cxx::_S_atomic, false, false>::element_type = class rclcpp::Client<example_interfaces::srv::AddTwoInts>[m[Kâ€™ {aka â€˜[01m[Kclass rclcpp::Client<example_interfaces::srv::AddTwoInts>[m[Kâ€™} has no member named â€˜[01m[Kget_node_base_interface[m[Kâ€™
[3.419s]   137 |   return rclcpp::spin_until_future_complete([01;31m[Knode_ptr->get_node_base_interface[m[K(), future, timeout);
[3.419s]       |                                             [01;31m[K~~~~~~~~~~^~~~~~~~~~~~~~~~~~~~~~~[m[K
[4.324s] gmake[2]: *** [CMakeFiles/test_service_client_no_oop.dir/build.make:76: CMakeFiles/test_service_client_no_oop.dir/src/tests_services/test_service_client_no_oop.cpp.o] Error 1
[4.327s] gmake[1]: *** [CMakeFiles/Makefile2:281: CMakeFiles/test_service_client_no_oop.dir/all] Error 2
[4.327s] gmake[1]: *** Waiting for unfinished jobs....
[4.940s] [ 93%] [32m[1mLinking CXX executable test_service_server[0m
[5.236s] [ 93%] Built target test_service_server
[5.238s] gmake: *** [Makefile:146: all] Error 2
[5.242s] Invoked command in '/home/neverdiedooms/ros2_test_ws/build/my_first_cpp_pkg' returned '2': CMAKE_PREFIX_PATH=${CMAKE_PREFIX_PATH}:/home/neverdiedooms/ros2_test_ws/install/my_first_package:/opt/ros/jazzy DEBUGINFOD_URLS=https://debuginfod.ubuntu.com /usr/bin/cmake --build /home/neverdiedooms/ros2_test_ws/build/my_first_cpp_pkg -- -j6 -l6
